<?xml version="1.0" encoding="UTF-8"?>
<!-- Generated by org.testng.reporters.JUnitReportReporter -->
<testsuite hostname="DESKTOP-UP62Q67" failures="0" tests="1" name="com.test.LogoutPageTest" time="15.725" errors="0" timestamp="2022-11-19T12:47:24 IST" skipped="0">
  <testcase classname="com.test.LogoutPageTest" name="verify_SignoutPage" time="15.725"/>
  <system-out/>
</testsuite> <!-- com.test.LogoutPageTest -->
