<?xml version="1.0" encoding="UTF-8"?>
<!-- Generated by org.testng.reporters.JUnitReportReporter -->
<testsuite hostname="LAPTOP-IOIQTDLN" failures="0" tests="1" name="com.test.HomePageTest" time="53.792" errors="0" timestamp="2022-11-19T00:01:44 IST" skipped="0">
  <testcase classname="com.test.HomePageTest" name="verifyHome" time="53.792"/>
  <system-out/>
</testsuite> <!-- com.test.HomePageTest -->
