<?xml version="1.0" encoding="UTF-8"?>
<!-- Generated by org.testng.reporters.JUnitReportReporter -->
<testsuite hostname="DESKTOP-UP62Q67" failures="0" tests="1" name="com.test.LoginPageTest" time="20.474" errors="0" timestamp="2022-11-19T12:44:34 IST" skipped="0">
  <testcase classname="com.test.LoginPageTest" name="verifyLogin" time="20.474"/>
  <system-out/>
</testsuite> <!-- com.test.LoginPageTest -->
