<?xml version="1.0" encoding="UTF-8"?>
<!-- Generated by org.testng.reporters.JUnitReportReporter -->
<testsuite hostname="DESKTOP-UP62Q67" failures="0" tests="1" name="com.test.ProductPageTest" time="14.400" errors="0" timestamp="2022-11-19T12:46:47 IST" skipped="0">
  <testcase classname="com.test.ProductPageTest" name="verifyproductpage" time="14.400"/>
  <system-out/>
</testsuite> <!-- com.test.ProductPageTest -->
